<?xml version="1.0" encoding="UTF-8"?>
<testng-results ignored="0" total="2" passed="2" failed="0" skipped="0">
  <reporter-output>
    <line>
      <![CDATA[Open Browser OrangeHRM web page]]>
    </line>
    <line>
      <![CDATA[Enter Username and password]]>
    </line>
    <line>
      <![CDATA[Validate that you have logged in successfully]]>
    </line>
    <line>
      <![CDATA[Click Admin - Go to the admin page]]>
    </line>
    <line>
      <![CDATA[Enter Username search table]]>
    </line>
    <line>
      <![CDATA[Validate that Admin exist]]>
    </line>
    <line>
      <![CDATA[Verify username exist in table]]>
    </line>
    <line>
      <![CDATA[Log out]]>
    </line>
    <line>
      <![CDATA[Close Browser]]>
    </line>
    <line>
      <![CDATA[Open Browser OrangeHRM web page]]>
    </line>
    <line>
      <![CDATA[Enter Username and password]]>
    </line>
    <line>
      <![CDATA[Validate that you have logged in successfully]]>
    </line>
    <line>
      <![CDATA[Click Admin - Go to the admin page]]>
    </line>
    <line>
      <![CDATA[Enter Username search table]]>
    </line>
    <line>
      <![CDATA[Validate that Admin exist]]>
    </line>
    <line>
      <![CDATA[Verify username exist in table]]>
    </line>
    <line>
      <![CDATA[Log out]]>
    </line>
    <line>
      <![CDATA[Close Browser]]>
    </line>
  </reporter-output>
  <suite started-at="2021-10-16T16:04:13Z" name="Default suite" finished-at="2021-10-16T16:04:28Z" duration-ms="15169">
    <groups>
    </groups>
    <test started-at="2021-10-16T16:04:13Z" name="Default test" finished-at="2021-10-16T16:04:28Z" duration-ms="15169">
      <class name="com.opensource.qa.Admin">
        <test-method is-config="true" signature="beforeTest()[pri:0, instance:com.opensource.qa.Admin@11f0a5a1]" started-at="2021-10-16T16:04:13Z" name="beforeTest" finished-at="2021-10-16T16:04:13Z" duration-ms="6" status="PASS">
          <reporter-output>
          </reporter-output>
        </test-method> <!-- beforeTest -->
        <test-method signature="TC001_Admin_SearchEmployee()[pri:0, instance:com.opensource.qa.Admin@11f0a5a1]" started-at="2021-10-16T16:04:13Z" name="TC001_Admin_SearchEmployee" finished-at="2021-10-16T16:04:21Z" duration-ms="7678" status="PASS">
          <reporter-output>
            <line>
              <![CDATA[Open Browser OrangeHRM web page]]>
            </line>
            <line>
              <![CDATA[Enter Username and password]]>
            </line>
            <line>
              <![CDATA[Validate that you have logged in successfully]]>
            </line>
            <line>
              <![CDATA[Click Admin - Go to the admin page]]>
            </line>
            <line>
              <![CDATA[Enter Username search table]]>
            </line>
            <line>
              <![CDATA[Validate that Admin exist]]>
            </line>
            <line>
              <![CDATA[Verify username exist in table]]>
            </line>
            <line>
              <![CDATA[Log out]]>
            </line>
            <line>
              <![CDATA[Close Browser]]>
            </line>
          </reporter-output>
        </test-method> <!-- TC001_Admin_SearchEmployee -->
        <test-method signature="TC002_Admin_SearchEmployee_NotExist()[pri:0, instance:com.opensource.qa.Admin@11f0a5a1]" started-at="2021-10-16T16:04:21Z" name="TC002_Admin_SearchEmployee_NotExist" finished-at="2021-10-16T16:04:28Z" duration-ms="7469" status="PASS">
          <reporter-output>
            <line>
              <![CDATA[Open Browser OrangeHRM web page]]>
            </line>
            <line>
              <![CDATA[Enter Username and password]]>
            </line>
            <line>
              <![CDATA[Validate that you have logged in successfully]]>
            </line>
            <line>
              <![CDATA[Click Admin - Go to the admin page]]>
            </line>
            <line>
              <![CDATA[Enter Username search table]]>
            </line>
            <line>
              <![CDATA[Validate that Admin exist]]>
            </line>
            <line>
              <![CDATA[Verify username exist in table]]>
            </line>
            <line>
              <![CDATA[Log out]]>
            </line>
            <line>
              <![CDATA[Close Browser]]>
            </line>
          </reporter-output>
        </test-method> <!-- TC002_Admin_SearchEmployee_NotExist -->
        <test-method is-config="true" signature="afterTest()[pri:0, instance:com.opensource.qa.Admin@11f0a5a1]" started-at="2021-10-16T16:04:28Z" name="afterTest" finished-at="2021-10-16T16:04:28Z" duration-ms="1" status="PASS">
          <reporter-output>
          </reporter-output>
        </test-method> <!-- afterTest -->
      </class> <!-- com.opensource.qa.Admin -->
    </test> <!-- Default test -->
  </suite> <!-- Default suite -->
</testng-results>
