<?xml version="1.0" encoding="UTF-8"?>
<!-- Generated by org.testng.reporters.JUnitXMLReporter -->
<testsuite ignored="1" hostname="IP-MTY-AVALOS" failures="0" tests="1" name="TC002" time="17.32" errors="0" timestamp="06 Nov 2021 17:23:36 GMT">
  <testcase classname="com.opensource.qa.Admin" name="TC001_Admin_SearchEmployee" time="17.3"/>
  <testcase classname="com.opensource.qa.Admin" name="TC002_Admin_SearchEmployee_NotExist" time="0.0">
    <ignored/>
  </testcase> <!-- TC002_Admin_SearchEmployee_NotExist -->
</testsuite> <!-- TC002 -->
